<?xml version="1.0" encoding="UTF-8"?>
<!-- Generated by org.testng.reporters.JUnitReportReporter -->
<testsuite hostname="Chirag" failures="0" tests="3" name="Test_Scenarios.b_comparetotalrunsmethod" time="9.817" errors="0" timestamp="2022-10-23T05:59:20 IST" skipped="0">
  <testcase classname="Test_Scenarios.b_comparetotalrunsmethod" name="method_clickScorecard" time="7.916"/>
  <system-out/>
  <testcase classname="Test_Scenarios.b_comparetotalrunsmethod" name="method_totalRun" time="1.453"/>
  <system-out/>
  <testcase classname="Test_Scenarios.b_comparetotalrunsmethod" name="method_verify" time="0.448"/>
  <system-out/>
</testsuite> <!-- Test_Scenarios.b_comparetotalrunsmethod -->
