<?xml version="1.0" encoding="UTF-8"?>
<!-- Generated by org.testng.reporters.JUnitReportReporter -->
<testsuite hostname="Chirag" failures="0" tests="5" name="Test_Scenarios.testmethods" time="5.156" errors="0" timestamp="2022-10-23T05:27:29 IST" skipped="0">
  <testcase classname="Test_Scenarios.testmethods" name="method_clickScorecard" time="1.716"/>
  <system-out/>
  <testcase classname="Test_Scenarios.testmethods" name="method_totalRun" time="1.938"/>
  <system-out/>
  <testcase classname="Test_Scenarios.testmethods" name="method_totalBoundaries" time="1.066"/>
  <system-out/>
  <testcase classname="Test_Scenarios.testmethods" name="method_runoutPlayer" time="0.074"/>
  <system-out/>
  <testcase classname="Test_Scenarios.testmethods" name="method_verify" time="0.362"/>
  <system-out/>
</testsuite> <!-- Test_Scenarios.testmethods -->
