<?xml version="1.0" encoding="UTF-8"?>
<!-- Generated by org.testng.reporters.JUnitReportReporter -->
<testsuite hostname="Chirag" failures="0" tests="3" name="Test_Scenarios.taskA_totalrunsmethod" time="6.419" errors="0" timestamp="2022-10-23T03:42:34 IST" skipped="0">
  <testcase classname="Test_Scenarios.taskA_totalrunsmethod" name="method_clickScorecard" time="4.774"/>
  <system-out/>
  <testcase classname="Test_Scenarios.taskA_totalrunsmethod" name="method_totalRun" time="1.263"/>
  <system-out/>
  <testcase classname="Test_Scenarios.taskA_totalrunsmethod" name="method_verify" time="0.382"/>
  <system-out/>
</testsuite> <!-- Test_Scenarios.taskA_totalrunsmethod -->
