<?xml version="1.0" encoding="UTF-8"?>
<!-- Generated by org.testng.reporters.JUnitReportReporter -->
<testsuite hostname="Chirag" failures="0" tests="2" name="Test_Scenarios.taskAmethod" time="5.985" errors="0" timestamp="2022-10-23T05:21:06 IST" skipped="0">
  <testcase classname="Test_Scenarios.taskAmethod" name="method_clickScorecard" time="1.537"/>
  <system-out/>
  <testcase classname="Test_Scenarios.taskAmethod" name="method_totalRun" time="4.448"/>
  <system-out/>
</testsuite> <!-- Test_Scenarios.taskAmethod -->
