<?xml version="1.0" encoding="UTF-8"?>
<!-- Generated by org.testng.reporters.JUnitReportReporter -->
<testsuite hostname="Chirag" failures="0" tests="2" name="Test_Scenarios.taskCmethod" time="6.718" errors="0" timestamp="2022-10-23T05:06:55 IST" skipped="0">
  <testcase classname="Test_Scenarios.taskCmethod" name="method_clickScorecard" time="1.966"/>
  <system-out/>
  <testcase classname="Test_Scenarios.taskCmethod" name="method_totalBoundaries" time="4.752"/>
  <system-out/>
</testsuite> <!-- Test_Scenarios.taskCmethod -->
