<?xml version="1.0" encoding="UTF-8"?>
<!-- Generated by org.testng.reporters.JUnitReportReporter -->
<testsuite hostname="Chirag" failures="0" tests="2" name="Test_Scenarios.d_runoutplayermethod" time="1.975" errors="0" timestamp="2022-10-23T05:59:20 IST" skipped="0">
  <testcase classname="Test_Scenarios.d_runoutplayermethod" name="method_clickScorecard" time="1.882"/>
  <system-out/>
  <testcase classname="Test_Scenarios.d_runoutplayermethod" name="method_runoutPlayer" time="0.093"/>
  <system-out/>
</testsuite> <!-- Test_Scenarios.d_runoutplayermethod -->
