<?xml version="1.0" encoding="UTF-8"?>
<!-- Generated by org.testng.reporters.JUnitReportReporter -->
<testsuite hostname="Chirag" failures="0" tests="2" name="Test_Scenarios.a_totalrunsMethod" time="6.261" errors="0" timestamp="2022-10-23T05:59:20 IST" skipped="0">
  <testcase classname="Test_Scenarios.a_totalrunsMethod" name="method_clickScorecard" time="3.090"/>
  <system-out/>
  <testcase classname="Test_Scenarios.a_totalrunsMethod" name="method_totalRun" time="3.171"/>
  <system-out/>
</testsuite> <!-- Test_Scenarios.a_totalrunsMethod -->
