<?xml version="1.0" encoding="UTF-8"?>
<!-- Generated by org.testng.reporters.JUnitReportReporter -->
<testsuite hostname="Chirag" failures="0" tests="2" name="Test_Scenarios.WebsiteLogin_method" time="3.612" errors="0" timestamp="2022-10-23T02:29:07 IST" skipped="0">
  <testcase classname="Test_Scenarios.WebsiteLogin_method" name="method_clickScorecard" time="1.379"/>
  <system-out/>
  <testcase classname="Test_Scenarios.WebsiteLogin_method" name="method_totalRun" time="2.233"/>
  <system-out/>
</testsuite> <!-- Test_Scenarios.WebsiteLogin_method -->
