<?xml version="1.0" encoding="UTF-8"?>
<!-- Generated by org.testng.reporters.JUnitReportReporter -->
<testsuite hostname="Chirag" failures="0" tests="2" name="Test_Scenarios.c_totalboundariesmethod" time="6.870" errors="0" timestamp="2022-10-23T05:59:20 IST" skipped="0">
  <testcase classname="Test_Scenarios.c_totalboundariesmethod" name="method_clickScorecard" time="2.214"/>
  <system-out/>
  <testcase classname="Test_Scenarios.c_totalboundariesmethod" name="method_totalBoundaries" time="4.656"/>
  <system-out/>
</testsuite> <!-- Test_Scenarios.c_totalboundariesmethod -->
